<?xml version="1.0" encoding="UTF-8"?>
<!-- Generated by org.testng.reporters.JUnitReportReporter -->
<testsuite skipped="0" hostname="HP-PC" name="com.crm.qa.testcases.LoginPageTest" tests="3" failures="0" timestamp="12 Oct 2018 21:24:39 GMT" time="73.986" errors="0">
  <testcase name="loginPageTitletest" time="11.271" classname="com.crm.qa.testcases.LoginPageTest"/>
  <testcase name="crmLogoImageTest" time="37.020" classname="com.crm.qa.testcases.LoginPageTest"/>
  <testcase name="loginTest" time="25.695" classname="com.crm.qa.testcases.LoginPageTest"/>
</testsuite> <!-- com.crm.qa.testcases.LoginPageTest -->
