<?xml version="1.0" encoding="UTF-8"?>
<!-- Generated by org.testng.reporters.JUnitReportReporter -->
<testsuite skipped="0" hostname="HP-PC" name="com.crm.qa.testcases.openSite" tests="2" failures="0" timestamp="04 Sep 2018 16:22:39 GMT" time="42.236" errors="0">
  <testcase name="Institutes" time="27.935" classname="com.crm.qa.testcases.openSite"/>
  <testcase name="aboutVTU" time="14.301" classname="com.crm.qa.testcases.openSite"/>
</testsuite> <!-- com.crm.qa.testcases.openSite -->
