<?xml version="1.0" encoding="UTF-8"?>
<!-- Generated by org.testng.reporters.JUnitReportReporter -->
<testsuite skipped="0" hostname="HP-PC" name="com.crm.qa.testcases.HomePageTest" tests="1" failures="0" timestamp="03 Oct 2018 19:40:18 GMT" time="29.222" errors="0">
  <testcase name="verifyHomePageTitleTest" time="29.222" classname="com.crm.qa.testcases.HomePageTest"/>
</testsuite> <!-- com.crm.qa.testcases.HomePageTest -->
